\BOOKMARK [0][-]{chapter.1}{\376\377\0001\000\040\000T\000a\000n\000g\000r\000a\000m}{}% 1
\BOOKMARK [0][-]{chapter.2}{\376\377\0002\000\040\000H\000i\000e\000r\000a\000r\000c\000h\000i\000c\000a\000l\000\040\000I\000n\000d\000e\000x}{}% 2
\BOOKMARK [1][-]{section.2.1}{\376\377\0002\000.\0001\000\040\000C\000l\000a\000s\000s\000\040\000H\000i\000e\000r\000a\000r\000c\000h\000y}{chapter.2}% 3
\BOOKMARK [0][-]{chapter.3}{\376\377\0003\000\040\000C\000l\000a\000s\000s\000\040\000I\000n\000d\000e\000x}{}% 4
\BOOKMARK [1][-]{section.3.1}{\376\377\0003\000.\0001\000\040\000C\000l\000a\000s\000s\000\040\000L\000i\000s\000t}{chapter.3}% 5
\BOOKMARK [0][-]{chapter.4}{\376\377\0004\000\040\000F\000i\000l\000e\000\040\000I\000n\000d\000e\000x}{}% 6
\BOOKMARK [1][-]{section.4.1}{\376\377\0004\000.\0001\000\040\000F\000i\000l\000e\000\040\000L\000i\000s\000t}{chapter.4}% 7
\BOOKMARK [0][-]{chapter.5}{\376\377\0005\000\040\000C\000l\000a\000s\000s\000\040\000D\000o\000c\000u\000m\000e\000n\000t\000a\000t\000i\000o\000n}{}% 8
\BOOKMARK [1][-]{section.5.1}{\376\377\0005\000.\0001\000\040\000A\000\137\000S\000h\000a\000p\000e\000\040\000C\000l\000a\000s\000s\000\040\000R\000e\000f\000e\000r\000e\000n\000c\000e}{chapter.5}% 9
\BOOKMARK [2][-]{subsection.5.1.1}{\376\377\0005\000.\0001\000.\0001\000\040\000D\000e\000t\000a\000i\000l\000e\000d\000\040\000D\000e\000s\000c\000r\000i\000p\000t\000i\000o\000n}{section.5.1}% 10
\BOOKMARK [2][-]{subsection.5.1.2}{\376\377\0005\000.\0001\000.\0002\000\040\000C\000o\000n\000s\000t\000r\000u\000c\000t\000o\000r\000\040\000\046\000\040\000D\000e\000s\000t\000r\000u\000c\000t\000o\000r\000\040\000D\000o\000c\000u\000m\000e\000n\000t\000a\000t\000i\000o\000n}{section.5.1}% 11
\BOOKMARK [3][-]{subsubsection.5.1.2.1}{\376\377\0005\000.\0001\000.\0002\000.\0001\000\040\000\040\000A\000\137\000S\000h\000a\000p\000e\000\050\000\051}{subsection.5.1.2}% 12
\BOOKMARK [2][-]{subsection.5.1.3}{\376\377\0005\000.\0001\000.\0003\000\040\000M\000e\000m\000b\000e\000r\000\040\000F\000u\000n\000c\000t\000i\000o\000n\000\040\000D\000o\000c\000u\000m\000e\000n\000t\000a\000t\000i\000o\000n}{section.5.1}% 13
\BOOKMARK [3][-]{subsubsection.5.1.3.1}{\376\377\0005\000.\0001\000.\0003\000.\0001\000\040\000a\000C\000u\000r\000r\000e\000n\000t\000A\000n\000g\000u\000l\000a\000r\000\050\000\051}{subsection.5.1.3}% 14
\BOOKMARK [3][-]{subsubsection.5.1.3.2}{\376\377\0005\000.\0001\000.\0003\000.\0002\000\040\000a\000G\000e\000t\000A\000r\000e\000a\000\050\000\051}{subsection.5.1.3}% 15
\BOOKMARK [3][-]{subsubsection.5.1.3.3}{\376\377\0005\000.\0001\000.\0003\000.\0003\000\040\000a\000G\000e\000t\000C\000o\000l\000o\000r\000\050\000\051}{subsection.5.1.3}% 16
\BOOKMARK [3][-]{subsubsection.5.1.3.4}{\376\377\0005\000.\0001\000.\0003\000.\0004\000\040\000a\000G\000e\000t\000P\000o\000i\000n\000t\000s\000\050\000\051}{subsection.5.1.3}% 17
\BOOKMARK [3][-]{subsubsection.5.1.3.5}{\376\377\0005\000.\0001\000.\0003\000.\0005\000\040\000a\000G\000e\000t\000S\000h\000a\000p\000e\000\050\000\051}{subsection.5.1.3}% 18
\BOOKMARK [3][-]{subsubsection.5.1.3.6}{\376\377\0005\000.\0001\000.\0003\000.\0006\000\040\000a\000G\000e\000t\000S\000t\000a\000t\000u\000s\000R\000e\000v\000e\000r\000s\000e\000\050\000\051}{subsection.5.1.3}% 19
\BOOKMARK [3][-]{subsubsection.5.1.3.7}{\376\377\0005\000.\0001\000.\0003\000.\0007\000\040\000a\000I\000s\000I\000n\000S\000h\000a\000p\000e\000\050\000\051}{subsection.5.1.3}% 20
\BOOKMARK [3][-]{subsubsection.5.1.3.8}{\376\377\0005\000.\0001\000.\0003\000.\0008\000\040\000a\000L\000e\000f\000t\000C\000o\000r\000n\000e\000r\000\050\000\051}{subsection.5.1.3}% 21
\BOOKMARK [3][-]{subsubsection.5.1.3.9}{\376\377\0005\000.\0001\000.\0003\000.\0009\000\040\000a\000L\000e\000f\000t\000F\000l\000i\000p\000\050\000\051}{subsection.5.1.3}% 22
\BOOKMARK [3][-]{subsubsection.5.1.3.10}{\376\377\0005\000.\0001\000.\0003\000.\0001\0000\000\040\000a\000M\000o\000v\000e\000\050\000\051}{subsection.5.1.3}% 23
\BOOKMARK [3][-]{subsubsection.5.1.3.11}{\376\377\0005\000.\0001\000.\0003\000.\0001\0001\000\040\000a\000R\000e\000v\000e\000r\000s\000e\000\050\000\051}{subsection.5.1.3}% 24
\BOOKMARK [3][-]{subsubsection.5.1.3.12}{\376\377\0005\000.\0001\000.\0003\000.\0001\0002\000\040\000a\000R\000i\000g\000h\000t\000F\000l\000i\000p\000\050\000\051}{subsection.5.1.3}% 25
\BOOKMARK [3][-]{subsubsection.5.1.3.13}{\376\377\0005\000.\0001\000.\0003\000.\0001\0003\000\040\000a\000R\000o\000t\000a\000t\000e\000\050\000\051}{subsection.5.1.3}% 26
\BOOKMARK [3][-]{subsubsection.5.1.3.14}{\376\377\0005\000.\0001\000.\0003\000.\0001\0004\000\040\000a\000S\000e\000t\000P\000o\000i\000n\000t\000s\000\050\000\051}{subsection.5.1.3}% 27
\BOOKMARK [3][-]{subsubsection.5.1.3.15}{\376\377\0005\000.\0001\000.\0003\000.\0001\0005\000\040\000a\000T\000o\000S\000t\000r\000i\000n\000g\000\050\000\051}{subsection.5.1.3}% 28
\BOOKMARK [3][-]{subsubsection.5.1.3.16}{\376\377\0005\000.\0001\000.\0003\000.\0001\0006\000\040\000c\000o\000m\000p\000u\000t\000e\000D\000i\000s\000t\000a\000n\000c\000e\000\050\000\051}{subsection.5.1.3}% 29
\BOOKMARK [1][-]{section.5.2}{\376\377\0005\000.\0002\000\040\000C\000\137\000B\000u\000t\000t\000o\000n\000\040\000C\000l\000a\000s\000s\000\040\000R\000e\000f\000e\000r\000e\000n\000c\000e}{chapter.5}% 30
\BOOKMARK [2][-]{subsection.5.2.1}{\376\377\0005\000.\0002\000.\0001\000\040\000D\000e\000t\000a\000i\000l\000e\000d\000\040\000D\000e\000s\000c\000r\000i\000p\000t\000i\000o\000n}{section.5.2}% 31
\BOOKMARK [2][-]{subsection.5.2.2}{\376\377\0005\000.\0002\000.\0002\000\040\000C\000o\000n\000s\000t\000r\000u\000c\000t\000o\000r\000\040\000\046\000\040\000D\000e\000s\000t\000r\000u\000c\000t\000o\000r\000\040\000D\000o\000c\000u\000m\000e\000n\000t\000a\000t\000i\000o\000n}{section.5.2}% 32
\BOOKMARK [3][-]{subsubsection.5.2.2.1}{\376\377\0005\000.\0002\000.\0002\000.\0001\000\040\000\040\000C\000\137\000B\000u\000t\000t\000o\000n\000\050\000\051}{subsection.5.2.2}% 33
\BOOKMARK [3][-]{subsubsection.5.2.2.2}{\376\377\0005\000.\0002\000.\0002\000.\0002\000\040\000C\000\137\000B\000u\000t\000t\000o\000n\000\050\000\051\000\040\000[\0001\000/\0002\000]}{subsection.5.2.2}% 34
\BOOKMARK [3][-]{subsubsection.5.2.2.3}{\376\377\0005\000.\0002\000.\0002\000.\0003\000\040\000C\000\137\000B\000u\000t\000t\000o\000n\000\050\000\051\000\040\000[\0002\000/\0002\000]}{subsection.5.2.2}% 35
\BOOKMARK [2][-]{subsection.5.2.3}{\376\377\0005\000.\0002\000.\0003\000\040\000M\000e\000m\000b\000e\000r\000\040\000F\000u\000n\000c\000t\000i\000o\000n\000\040\000D\000o\000c\000u\000m\000e\000n\000t\000a\000t\000i\000o\000n}{section.5.2}% 36
\BOOKMARK [3][-]{subsubsection.5.2.3.1}{\376\377\0005\000.\0002\000.\0003\000.\0001\000\040\000C\000l\000i\000c\000k\000\050\000\051}{subsection.5.2.3}% 37
\BOOKMARK [3][-]{subsubsection.5.2.3.2}{\376\377\0005\000.\0002\000.\0003\000.\0002\000\040\000C\000l\000i\000c\000k\000I\000n\000B\000u\000t\000t\000o\000n\000\050\000\051}{subsection.5.2.3}% 38
\BOOKMARK [3][-]{subsubsection.5.2.3.3}{\376\377\0005\000.\0002\000.\0003\000.\0003\000\040\000D\000r\000a\000w\000\050\000\051\000\040\000[\0001\000/\0002\000]}{subsection.5.2.3}% 39
\BOOKMARK [3][-]{subsubsection.5.2.3.4}{\376\377\0005\000.\0002\000.\0003\000.\0004\000\040\000D\000r\000a\000w\000\050\000\051\000\040\000[\0002\000/\0002\000]}{subsection.5.2.3}% 40
\BOOKMARK [3][-]{subsubsection.5.2.3.5}{\376\377\0005\000.\0002\000.\0003\000.\0005\000\040\000S\000e\000t\000C\000a\000l\000l\000B\000a\000c\000k\000\050\000\051}{subsection.5.2.3}% 41
\BOOKMARK [1][-]{section.5.3}{\376\377\0005\000.\0003\000\040\000C\000\137\000G\000a\000m\000e\000\040\000C\000l\000a\000s\000s\000\040\000R\000e\000f\000e\000r\000e\000n\000c\000e}{chapter.5}% 42
\BOOKMARK [2][-]{subsection.5.3.1}{\376\377\0005\000.\0003\000.\0001\000\040\000D\000e\000t\000a\000i\000l\000e\000d\000\040\000D\000e\000s\000c\000r\000i\000p\000t\000i\000o\000n}{section.5.3}% 43
\BOOKMARK [2][-]{subsection.5.3.2}{\376\377\0005\000.\0003\000.\0002\000\040\000C\000o\000n\000s\000t\000r\000u\000c\000t\000o\000r\000\040\000\046\000\040\000D\000e\000s\000t\000r\000u\000c\000t\000o\000r\000\040\000D\000o\000c\000u\000m\000e\000n\000t\000a\000t\000i\000o\000n}{section.5.3}% 44
\BOOKMARK [3][-]{subsubsection.5.3.2.1}{\376\377\0005\000.\0003\000.\0002\000.\0001\000\040\000\040\000C\000\137\000G\000a\000m\000e\000\050\000\051}{subsection.5.3.2}% 45
\BOOKMARK [3][-]{subsubsection.5.3.2.2}{\376\377\0005\000.\0003\000.\0002\000.\0002\000\040\000C\000\137\000G\000a\000m\000e\000\050\000\051}{subsection.5.3.2}% 46
\BOOKMARK [2][-]{subsection.5.3.3}{\376\377\0005\000.\0003\000.\0003\000\040\000M\000e\000m\000b\000e\000r\000\040\000F\000u\000n\000c\000t\000i\000o\000n\000\040\000D\000o\000c\000u\000m\000e\000n\000t\000a\000t\000i\000o\000n}{section.5.3}% 47
\BOOKMARK [3][-]{subsubsection.5.3.3.1}{\376\377\0005\000.\0003\000.\0003\000.\0001\000\040\000a\000d\000d\000S\000h\000a\000p\000e\000\050\000\051}{subsection.5.3.3}% 48
\BOOKMARK [3][-]{subsubsection.5.3.3.2}{\376\377\0005\000.\0003\000.\0003\000.\0002\000\040\000C\000l\000e\000a\000r\000\050\000\051}{subsection.5.3.3}% 49
\BOOKMARK [3][-]{subsubsection.5.3.3.3}{\376\377\0005\000.\0003\000.\0003\000.\0003\000\040\000G\000e\000t\000O\000b\000j\000e\000c\000t\000i\000v\000e\000C\000o\000l\000o\000r\000\050\000\051}{subsection.5.3.3}% 50
\BOOKMARK [3][-]{subsubsection.5.3.3.4}{\376\377\0005\000.\0003\000.\0003\000.\0004\000\040\000M\000a\000i\000n\000L\000o\000o\000p\000\050\000\051}{subsection.5.3.3}% 51
\BOOKMARK [3][-]{subsubsection.5.3.3.5}{\376\377\0005\000.\0003\000.\0003\000.\0005\000\040\000S\000e\000t\000O\000b\000j\000e\000c\000t\000i\000v\000e\000\050\000\051}{subsection.5.3.3}% 52
\BOOKMARK [1][-]{section.5.4}{\376\377\0005\000.\0004\000\040\000C\000\137\000G\000T\000r\000i\000a\000n\000g\000l\000e\000\040\000C\000l\000a\000s\000s\000\040\000R\000e\000f\000e\000r\000e\000n\000c\000e}{chapter.5}% 53
\BOOKMARK [2][-]{subsection.5.4.1}{\376\377\0005\000.\0004\000.\0001\000\040\000D\000e\000t\000a\000i\000l\000e\000d\000\040\000D\000e\000s\000c\000r\000i\000p\000t\000i\000o\000n}{section.5.4}% 54
\BOOKMARK [2][-]{subsection.5.4.2}{\376\377\0005\000.\0004\000.\0002\000\040\000C\000o\000n\000s\000t\000r\000u\000c\000t\000o\000r\000\040\000\046\000\040\000D\000e\000s\000t\000r\000u\000c\000t\000o\000r\000\040\000D\000o\000c\000u\000m\000e\000n\000t\000a\000t\000i\000o\000n}{section.5.4}% 55
\BOOKMARK [3][-]{subsubsection.5.4.2.1}{\376\377\0005\000.\0004\000.\0002\000.\0001\000\040\000\040\000C\000\137\000G\000T\000r\000i\000a\000n\000g\000l\000e\000\050\000\051}{subsection.5.4.2}% 56
\BOOKMARK [3][-]{subsubsection.5.4.2.2}{\376\377\0005\000.\0004\000.\0002\000.\0002\000\040\000C\000\137\000G\000T\000r\000i\000a\000n\000g\000l\000e\000\050\000\051\000\040\000[\0001\000/\0003\000]}{subsection.5.4.2}% 57
\BOOKMARK [3][-]{subsubsection.5.4.2.3}{\376\377\0005\000.\0004\000.\0002\000.\0003\000\040\000C\000\137\000G\000T\000r\000i\000a\000n\000g\000l\000e\000\050\000\051\000\040\000[\0002\000/\0003\000]}{subsection.5.4.2}% 58
\BOOKMARK [3][-]{subsubsection.5.4.2.4}{\376\377\0005\000.\0004\000.\0002\000.\0004\000\040\000C\000\137\000G\000T\000r\000i\000a\000n\000g\000l\000e\000\050\000\051\000\040\000[\0003\000/\0003\000]}{subsection.5.4.2}% 59
\BOOKMARK [2][-]{subsection.5.4.3}{\376\377\0005\000.\0004\000.\0003\000\040\000M\000e\000m\000b\000e\000r\000\040\000F\000u\000n\000c\000t\000i\000o\000n\000\040\000D\000o\000c\000u\000m\000e\000n\000t\000a\000t\000i\000o\000n}{section.5.4}% 60
\BOOKMARK [3][-]{subsubsection.5.4.3.1}{\376\377\0005\000.\0004\000.\0003\000.\0001\000\040\000a\000C\000u\000r\000r\000e\000n\000t\000A\000n\000g\000u\000l\000a\000r\000\050\000\051}{subsection.5.4.3}% 61
\BOOKMARK [3][-]{subsubsection.5.4.3.2}{\376\377\0005\000.\0004\000.\0003\000.\0002\000\040\000a\000G\000e\000t\000A\000r\000e\000a\000\050\000\051}{subsection.5.4.3}% 62
\BOOKMARK [3][-]{subsubsection.5.4.3.3}{\376\377\0005\000.\0004\000.\0003\000.\0003\000\040\000a\000G\000e\000t\000C\000o\000l\000o\000r\000\050\000\051}{subsection.5.4.3}% 63
\BOOKMARK [3][-]{subsubsection.5.4.3.4}{\376\377\0005\000.\0004\000.\0003\000.\0004\000\040\000a\000G\000e\000t\000P\000o\000i\000n\000t\000s\000\050\000\051}{subsection.5.4.3}% 64
\BOOKMARK [3][-]{subsubsection.5.4.3.5}{\376\377\0005\000.\0004\000.\0003\000.\0005\000\040\000a\000G\000e\000t\000S\000h\000a\000p\000e\000\050\000\051}{subsection.5.4.3}% 65
\BOOKMARK [3][-]{subsubsection.5.4.3.6}{\376\377\0005\000.\0004\000.\0003\000.\0006\000\040\000a\000G\000e\000t\000S\000t\000a\000t\000u\000s\000R\000e\000v\000e\000r\000s\000e\000\050\000\051}{subsection.5.4.3}% 66
\BOOKMARK [3][-]{subsubsection.5.4.3.7}{\376\377\0005\000.\0004\000.\0003\000.\0007\000\040\000a\000I\000s\000I\000n\000S\000h\000a\000p\000e\000\050\000\051}{subsection.5.4.3}% 67
\BOOKMARK [3][-]{subsubsection.5.4.3.8}{\376\377\0005\000.\0004\000.\0003\000.\0008\000\040\000a\000L\000e\000f\000t\000C\000o\000r\000n\000e\000r\000\050\000\051}{subsection.5.4.3}% 68
\BOOKMARK [3][-]{subsubsection.5.4.3.9}{\376\377\0005\000.\0004\000.\0003\000.\0009\000\040\000a\000L\000e\000f\000t\000F\000l\000i\000p\000\050\000\051}{subsection.5.4.3}% 69
\BOOKMARK [3][-]{subsubsection.5.4.3.10}{\376\377\0005\000.\0004\000.\0003\000.\0001\0000\000\040\000a\000M\000o\000v\000e\000\050\000\051}{subsection.5.4.3}% 70
\BOOKMARK [3][-]{subsubsection.5.4.3.11}{\376\377\0005\000.\0004\000.\0003\000.\0001\0001\000\040\000a\000R\000e\000v\000e\000r\000s\000e\000\050\000\051}{subsection.5.4.3}% 71
\BOOKMARK [3][-]{subsubsection.5.4.3.12}{\376\377\0005\000.\0004\000.\0003\000.\0001\0002\000\040\000a\000R\000i\000g\000h\000t\000F\000l\000i\000p\000\050\000\051}{subsection.5.4.3}% 72
\BOOKMARK [3][-]{subsubsection.5.4.3.13}{\376\377\0005\000.\0004\000.\0003\000.\0001\0003\000\040\000a\000R\000o\000t\000a\000t\000e\000\050\000\051}{subsection.5.4.3}% 73
\BOOKMARK [3][-]{subsubsection.5.4.3.14}{\376\377\0005\000.\0004\000.\0003\000.\0001\0004\000\040\000a\000S\000e\000t\000P\000o\000i\000n\000t\000s\000\050\000\051}{subsection.5.4.3}% 74
\BOOKMARK [3][-]{subsubsection.5.4.3.15}{\376\377\0005\000.\0004\000.\0003\000.\0001\0005\000\040\000a\000T\000o\000S\000t\000r\000i\000n\000g\000\050\000\051}{subsection.5.4.3}% 75
\BOOKMARK [3][-]{subsubsection.5.4.3.16}{\376\377\0005\000.\0004\000.\0003\000.\0001\0006\000\040\000i\000D\000r\000a\000w\000\050\000\051\000\040\000[\0001\000/\0002\000]}{subsection.5.4.3}% 76
\BOOKMARK [3][-]{subsubsection.5.4.3.17}{\376\377\0005\000.\0004\000.\0003\000.\0001\0007\000\040\000i\000D\000r\000a\000w\000\050\000\051\000\040\000[\0002\000/\0002\000]}{subsection.5.4.3}% 77
\BOOKMARK [1][-]{section.5.5}{\376\377\0005\000.\0005\000\040\000C\000\137\000L\000o\000a\000d\000e\000r\000\040\000C\000l\000a\000s\000s\000\040\000R\000e\000f\000e\000r\000e\000n\000c\000e}{chapter.5}% 78
\BOOKMARK [2][-]{subsection.5.5.1}{\376\377\0005\000.\0005\000.\0001\000\040\000D\000e\000t\000a\000i\000l\000e\000d\000\040\000D\000e\000s\000c\000r\000i\000p\000t\000i\000o\000n}{section.5.5}% 79
\BOOKMARK [2][-]{subsection.5.5.2}{\376\377\0005\000.\0005\000.\0002\000\040\000M\000e\000m\000b\000e\000r\000\040\000F\000u\000n\000c\000t\000i\000o\000n\000\040\000D\000o\000c\000u\000m\000e\000n\000t\000a\000t\000i\000o\000n}{section.5.5}% 80
\BOOKMARK [3][-]{subsubsection.5.5.2.1}{\376\377\0005\000.\0005\000.\0002\000.\0001\000\040\000P\000a\000r\000s\000e\000F\000i\000l\000e\000\050\000\051}{subsection.5.5.2}% 81
\BOOKMARK [1][-]{section.5.6}{\376\377\0005\000.\0006\000\040\000C\000\137\000M\000e\000n\000u\000\040\000C\000l\000a\000s\000s\000\040\000R\000e\000f\000e\000r\000e\000n\000c\000e}{chapter.5}% 82
\BOOKMARK [2][-]{subsection.5.6.1}{\376\377\0005\000.\0006\000.\0001\000\040\000D\000e\000t\000a\000i\000l\000e\000d\000\040\000D\000e\000s\000c\000r\000i\000p\000t\000i\000o\000n}{section.5.6}% 83
\BOOKMARK [2][-]{subsection.5.6.2}{\376\377\0005\000.\0006\000.\0002\000\040\000C\000o\000n\000s\000t\000r\000u\000c\000t\000o\000r\000\040\000\046\000\040\000D\000e\000s\000t\000r\000u\000c\000t\000o\000r\000\040\000D\000o\000c\000u\000m\000e\000n\000t\000a\000t\000i\000o\000n}{section.5.6}% 84
\BOOKMARK [3][-]{subsubsection.5.6.2.1}{\376\377\0005\000.\0006\000.\0002\000.\0001\000\040\000\040\000C\000\137\000M\000e\000n\000u\000\050\000\051}{subsection.5.6.2}% 85
\BOOKMARK [2][-]{subsection.5.6.3}{\376\377\0005\000.\0006\000.\0003\000\040\000M\000e\000m\000b\000e\000r\000\040\000F\000u\000n\000c\000t\000i\000o\000n\000\040\000D\000o\000c\000u\000m\000e\000n\000t\000a\000t\000i\000o\000n}{section.5.6}% 86
\BOOKMARK [3][-]{subsubsection.5.6.3.1}{\376\377\0005\000.\0006\000.\0003\000.\0001\000\040\000A\000d\000d\000B\000u\000t\000t\000o\000n\000\050\000\051}{subsection.5.6.3}% 87
\BOOKMARK [3][-]{subsubsection.5.6.3.2}{\376\377\0005\000.\0006\000.\0003\000.\0002\000\040\000M\000a\000i\000n\000L\000o\000o\000p\000\050\000\051}{subsection.5.6.3}% 88
\BOOKMARK [1][-]{section.5.7}{\376\377\0005\000.\0007\000\040\000C\000\137\000M\000T\000r\000i\000a\000n\000g\000l\000e\000\040\000C\000l\000a\000s\000s\000\040\000R\000e\000f\000e\000r\000e\000n\000c\000e}{chapter.5}% 89
\BOOKMARK [2][-]{subsection.5.7.1}{\376\377\0005\000.\0007\000.\0001\000\040\000D\000e\000t\000a\000i\000l\000e\000d\000\040\000D\000e\000s\000c\000r\000i\000p\000t\000i\000o\000n}{section.5.7}% 90
\BOOKMARK [2][-]{subsection.5.7.2}{\376\377\0005\000.\0007\000.\0002\000\040\000C\000o\000n\000s\000t\000r\000u\000c\000t\000o\000r\000\040\000\046\000\040\000D\000e\000s\000t\000r\000u\000c\000t\000o\000r\000\040\000D\000o\000c\000u\000m\000e\000n\000t\000a\000t\000i\000o\000n}{section.5.7}% 91
\BOOKMARK [3][-]{subsubsection.5.7.2.1}{\376\377\0005\000.\0007\000.\0002\000.\0001\000\040\000\040\000C\000\137\000M\000T\000r\000i\000a\000n\000g\000l\000e\000\050\000\051}{subsection.5.7.2}% 92
\BOOKMARK [3][-]{subsubsection.5.7.2.2}{\376\377\0005\000.\0007\000.\0002\000.\0002\000\040\000C\000\137\000M\000T\000r\000i\000a\000n\000g\000l\000e\000\050\000\051\000\040\000[\0001\000/\0003\000]}{subsection.5.7.2}% 93
\BOOKMARK [3][-]{subsubsection.5.7.2.3}{\376\377\0005\000.\0007\000.\0002\000.\0003\000\040\000C\000\137\000M\000T\000r\000i\000a\000n\000g\000l\000e\000\050\000\051\000\040\000[\0002\000/\0003\000]}{subsection.5.7.2}% 94
\BOOKMARK [3][-]{subsubsection.5.7.2.4}{\376\377\0005\000.\0007\000.\0002\000.\0004\000\040\000C\000\137\000M\000T\000r\000i\000a\000n\000g\000l\000e\000\050\000\051\000\040\000[\0003\000/\0003\000]}{subsection.5.7.2}% 95
\BOOKMARK [2][-]{subsection.5.7.3}{\376\377\0005\000.\0007\000.\0003\000\040\000M\000e\000m\000b\000e\000r\000\040\000F\000u\000n\000c\000t\000i\000o\000n\000\040\000D\000o\000c\000u\000m\000e\000n\000t\000a\000t\000i\000o\000n}{section.5.7}% 96
\BOOKMARK [3][-]{subsubsection.5.7.3.1}{\376\377\0005\000.\0007\000.\0003\000.\0001\000\040\000a\000C\000u\000r\000r\000e\000n\000t\000A\000n\000g\000u\000l\000a\000r\000\050\000\051}{subsection.5.7.3}% 97
\BOOKMARK [3][-]{subsubsection.5.7.3.2}{\376\377\0005\000.\0007\000.\0003\000.\0002\000\040\000a\000G\000e\000t\000A\000r\000e\000a\000\050\000\051}{subsection.5.7.3}% 98
\BOOKMARK [3][-]{subsubsection.5.7.3.3}{\376\377\0005\000.\0007\000.\0003\000.\0003\000\040\000a\000G\000e\000t\000C\000o\000l\000o\000r\000\050\000\051}{subsection.5.7.3}% 99
\BOOKMARK [3][-]{subsubsection.5.7.3.4}{\376\377\0005\000.\0007\000.\0003\000.\0004\000\040\000a\000G\000e\000t\000P\000o\000i\000n\000t\000s\000\050\000\051}{subsection.5.7.3}% 100
\BOOKMARK [3][-]{subsubsection.5.7.3.5}{\376\377\0005\000.\0007\000.\0003\000.\0005\000\040\000a\000G\000e\000t\000S\000h\000a\000p\000e\000\050\000\051}{subsection.5.7.3}% 101
\BOOKMARK [3][-]{subsubsection.5.7.3.6}{\376\377\0005\000.\0007\000.\0003\000.\0006\000\040\000a\000G\000e\000t\000S\000t\000a\000t\000u\000s\000R\000e\000v\000e\000r\000s\000e\000\050\000\051}{subsection.5.7.3}% 102
\BOOKMARK [3][-]{subsubsection.5.7.3.7}{\376\377\0005\000.\0007\000.\0003\000.\0007\000\040\000a\000I\000s\000I\000n\000S\000h\000a\000p\000e\000\050\000\051}{subsection.5.7.3}% 103
\BOOKMARK [3][-]{subsubsection.5.7.3.8}{\376\377\0005\000.\0007\000.\0003\000.\0008\000\040\000a\000L\000e\000f\000t\000C\000o\000r\000n\000e\000r\000\050\000\051}{subsection.5.7.3}% 104
\BOOKMARK [3][-]{subsubsection.5.7.3.9}{\376\377\0005\000.\0007\000.\0003\000.\0009\000\040\000a\000L\000e\000f\000t\000F\000l\000i\000p\000\050\000\051}{subsection.5.7.3}% 105
\BOOKMARK [3][-]{subsubsection.5.7.3.10}{\376\377\0005\000.\0007\000.\0003\000.\0001\0000\000\040\000a\000M\000o\000v\000e\000\050\000\051}{subsection.5.7.3}% 106
\BOOKMARK [3][-]{subsubsection.5.7.3.11}{\376\377\0005\000.\0007\000.\0003\000.\0001\0001\000\040\000a\000R\000e\000v\000e\000r\000s\000e\000\050\000\051}{subsection.5.7.3}% 107
\BOOKMARK [3][-]{subsubsection.5.7.3.12}{\376\377\0005\000.\0007\000.\0003\000.\0001\0002\000\040\000a\000R\000i\000g\000h\000t\000F\000l\000i\000p\000\050\000\051}{subsection.5.7.3}% 108
\BOOKMARK [3][-]{subsubsection.5.7.3.13}{\376\377\0005\000.\0007\000.\0003\000.\0001\0003\000\040\000a\000R\000o\000t\000a\000t\000e\000\050\000\051}{subsection.5.7.3}% 109
\BOOKMARK [3][-]{subsubsection.5.7.3.14}{\376\377\0005\000.\0007\000.\0003\000.\0001\0004\000\040\000a\000S\000e\000t\000P\000o\000i\000n\000t\000s\000\050\000\051}{subsection.5.7.3}% 110
\BOOKMARK [3][-]{subsubsection.5.7.3.15}{\376\377\0005\000.\0007\000.\0003\000.\0001\0005\000\040\000a\000T\000o\000S\000t\000r\000i\000n\000g\000\050\000\051}{subsection.5.7.3}% 111
\BOOKMARK [3][-]{subsubsection.5.7.3.16}{\376\377\0005\000.\0007\000.\0003\000.\0001\0006\000\040\000i\000D\000r\000a\000w\000\050\000\051\000\040\000[\0001\000/\0002\000]}{subsection.5.7.3}% 112
\BOOKMARK [3][-]{subsubsection.5.7.3.17}{\376\377\0005\000.\0007\000.\0003\000.\0001\0007\000\040\000i\000D\000r\000a\000w\000\050\000\051\000\040\000[\0002\000/\0002\000]}{subsection.5.7.3}% 113
\BOOKMARK [1][-]{section.5.8}{\376\377\0005\000.\0008\000\040\000C\000\137\000O\000b\000j\000e\000c\000t\000i\000v\000e\000\040\000C\000l\000a\000s\000s\000\040\000R\000e\000f\000e\000r\000e\000n\000c\000e}{chapter.5}% 114
\BOOKMARK [2][-]{subsection.5.8.1}{\376\377\0005\000.\0008\000.\0001\000\040\000D\000e\000t\000a\000i\000l\000e\000d\000\040\000D\000e\000s\000c\000r\000i\000p\000t\000i\000o\000n}{section.5.8}% 115
\BOOKMARK [2][-]{subsection.5.8.2}{\376\377\0005\000.\0008\000.\0002\000\040\000C\000o\000n\000s\000t\000r\000u\000c\000t\000o\000r\000\040\000\046\000\040\000D\000e\000s\000t\000r\000u\000c\000t\000o\000r\000\040\000D\000o\000c\000u\000m\000e\000n\000t\000a\000t\000i\000o\000n}{section.5.8}% 116
\BOOKMARK [3][-]{subsubsection.5.8.2.1}{\376\377\0005\000.\0008\000.\0002\000.\0001\000\040\000\040\000C\000\137\000O\000b\000j\000e\000c\000t\000i\000v\000e\000\050\000\051}{subsection.5.8.2}% 117
\BOOKMARK [3][-]{subsubsection.5.8.2.2}{\376\377\0005\000.\0008\000.\0002\000.\0002\000\040\000C\000\137\000O\000b\000j\000e\000c\000t\000i\000v\000e\000\050\000\051\000\040\000[\0001\000/\0002\000]}{subsection.5.8.2}% 118
\BOOKMARK [3][-]{subsubsection.5.8.2.3}{\376\377\0005\000.\0008\000.\0002\000.\0003\000\040\000C\000\137\000O\000b\000j\000e\000c\000t\000i\000v\000e\000\050\000\051\000\040\000[\0002\000/\0002\000]}{subsection.5.8.2}% 119
\BOOKMARK [2][-]{subsection.5.8.3}{\376\377\0005\000.\0008\000.\0003\000\040\000M\000e\000m\000b\000e\000r\000\040\000F\000u\000n\000c\000t\000i\000o\000n\000\040\000D\000o\000c\000u\000m\000e\000n\000t\000a\000t\000i\000o\000n}{section.5.8}% 120
\BOOKMARK [3][-]{subsubsection.5.8.3.1}{\376\377\0005\000.\0008\000.\0003\000.\0001\000\040\000B\000o\000a\000r\000d\000C\000o\000m\000p\000l\000e\000t\000e\000d\000\050\000\051}{subsection.5.8.3}% 121
\BOOKMARK [3][-]{subsubsection.5.8.3.2}{\376\377\0005\000.\0008\000.\0003\000.\0002\000\040\000C\000l\000e\000a\000r\000\050\000\051}{subsection.5.8.3}% 122
\BOOKMARK [3][-]{subsubsection.5.8.3.3}{\376\377\0005\000.\0008\000.\0003\000.\0003\000\040\000G\000e\000t\000C\000o\000l\000o\000r\000\050\000\051}{subsection.5.8.3}% 123
\BOOKMARK [3][-]{subsubsection.5.8.3.4}{\376\377\0005\000.\0008\000.\0003\000.\0004\000\040\000G\000e\000t\000C\000o\000m\000p\000l\000e\000t\000e\000d\000\050\000\051}{subsection.5.8.3}% 124
\BOOKMARK [3][-]{subsubsection.5.8.3.5}{\376\377\0005\000.\0008\000.\0003\000.\0005\000\040\000G\000e\000t\000O\000b\000j\000e\000c\000t\000i\000v\000e\000\050\000\051}{subsection.5.8.3}% 125
\BOOKMARK [3][-]{subsubsection.5.8.3.6}{\376\377\0005\000.\0008\000.\0003\000.\0006\000\040\000S\000e\000t\000O\000b\000j\000e\000c\000t\000i\000v\000e\000\050\000\051}{subsection.5.8.3}% 126
\BOOKMARK [1][-]{section.5.9}{\376\377\0005\000.\0009\000\040\000C\000\137\000P\000a\000r\000a\000l\000l\000e\000l\000o\000g\000r\000a\000m\000\040\000C\000l\000a\000s\000s\000\040\000R\000e\000f\000e\000r\000e\000n\000c\000e}{chapter.5}% 127
\BOOKMARK [2][-]{subsection.5.9.1}{\376\377\0005\000.\0009\000.\0001\000\040\000D\000e\000t\000a\000i\000l\000e\000d\000\040\000D\000e\000s\000c\000r\000i\000p\000t\000i\000o\000n}{section.5.9}% 128
\BOOKMARK [2][-]{subsection.5.9.2}{\376\377\0005\000.\0009\000.\0002\000\040\000C\000o\000n\000s\000t\000r\000u\000c\000t\000o\000r\000\040\000\046\000\040\000D\000e\000s\000t\000r\000u\000c\000t\000o\000r\000\040\000D\000o\000c\000u\000m\000e\000n\000t\000a\000t\000i\000o\000n}{section.5.9}% 129
\BOOKMARK [3][-]{subsubsection.5.9.2.1}{\376\377\0005\000.\0009\000.\0002\000.\0001\000\040\000\040\000C\000\137\000P\000a\000r\000a\000l\000l\000e\000l\000o\000g\000r\000a\000m\000\050\000\051}{subsection.5.9.2}% 130
\BOOKMARK [3][-]{subsubsection.5.9.2.2}{\376\377\0005\000.\0009\000.\0002\000.\0002\000\040\000C\000\137\000P\000a\000r\000a\000l\000l\000e\000l\000o\000g\000r\000a\000m\000\050\000\051\000\040\000[\0001\000/\0003\000]}{subsection.5.9.2}% 131
\BOOKMARK [3][-]{subsubsection.5.9.2.3}{\376\377\0005\000.\0009\000.\0002\000.\0003\000\040\000C\000\137\000P\000a\000r\000a\000l\000l\000e\000l\000o\000g\000r\000a\000m\000\050\000\051\000\040\000[\0002\000/\0003\000]}{subsection.5.9.2}% 132
\BOOKMARK [3][-]{subsubsection.5.9.2.4}{\376\377\0005\000.\0009\000.\0002\000.\0004\000\040\000C\000\137\000P\000a\000r\000a\000l\000l\000e\000l\000o\000g\000r\000a\000m\000\050\000\051\000\040\000[\0003\000/\0003\000]}{subsection.5.9.2}% 133
\BOOKMARK [2][-]{subsection.5.9.3}{\376\377\0005\000.\0009\000.\0003\000\040\000M\000e\000m\000b\000e\000r\000\040\000F\000u\000n\000c\000t\000i\000o\000n\000\040\000D\000o\000c\000u\000m\000e\000n\000t\000a\000t\000i\000o\000n}{section.5.9}% 134
\BOOKMARK [3][-]{subsubsection.5.9.3.1}{\376\377\0005\000.\0009\000.\0003\000.\0001\000\040\000a\000C\000u\000r\000r\000e\000n\000t\000A\000n\000g\000u\000l\000a\000r\000\050\000\051}{subsection.5.9.3}% 135
\BOOKMARK [3][-]{subsubsection.5.9.3.2}{\376\377\0005\000.\0009\000.\0003\000.\0002\000\040\000a\000G\000e\000t\000A\000r\000e\000a\000\050\000\051}{subsection.5.9.3}% 136
\BOOKMARK [3][-]{subsubsection.5.9.3.3}{\376\377\0005\000.\0009\000.\0003\000.\0003\000\040\000a\000G\000e\000t\000C\000o\000l\000o\000r\000\050\000\051}{subsection.5.9.3}% 137
\BOOKMARK [3][-]{subsubsection.5.9.3.4}{\376\377\0005\000.\0009\000.\0003\000.\0004\000\040\000a\000G\000e\000t\000P\000o\000i\000n\000t\000s\000\050\000\051}{subsection.5.9.3}% 138
\BOOKMARK [3][-]{subsubsection.5.9.3.5}{\376\377\0005\000.\0009\000.\0003\000.\0005\000\040\000a\000G\000e\000t\000S\000h\000a\000p\000e\000\050\000\051}{subsection.5.9.3}% 139
\BOOKMARK [3][-]{subsubsection.5.9.3.6}{\376\377\0005\000.\0009\000.\0003\000.\0006\000\040\000a\000G\000e\000t\000S\000t\000a\000t\000u\000s\000R\000e\000v\000e\000r\000s\000e\000\050\000\051}{subsection.5.9.3}% 140
\BOOKMARK [3][-]{subsubsection.5.9.3.7}{\376\377\0005\000.\0009\000.\0003\000.\0007\000\040\000a\000I\000s\000I\000n\000S\000h\000a\000p\000e\000\050\000\051}{subsection.5.9.3}% 141
\BOOKMARK [3][-]{subsubsection.5.9.3.8}{\376\377\0005\000.\0009\000.\0003\000.\0008\000\040\000a\000L\000e\000f\000t\000C\000o\000r\000n\000e\000r\000\050\000\051}{subsection.5.9.3}% 142
\BOOKMARK [3][-]{subsubsection.5.9.3.9}{\376\377\0005\000.\0009\000.\0003\000.\0009\000\040\000a\000L\000e\000f\000t\000F\000l\000i\000p\000\050\000\051}{subsection.5.9.3}% 143
\BOOKMARK [3][-]{subsubsection.5.9.3.10}{\376\377\0005\000.\0009\000.\0003\000.\0001\0000\000\040\000a\000M\000o\000v\000e\000\050\000\051}{subsection.5.9.3}% 144
\BOOKMARK [3][-]{subsubsection.5.9.3.11}{\376\377\0005\000.\0009\000.\0003\000.\0001\0001\000\040\000a\000R\000e\000v\000e\000r\000s\000e\000\050\000\051}{subsection.5.9.3}% 145
\BOOKMARK [3][-]{subsubsection.5.9.3.12}{\376\377\0005\000.\0009\000.\0003\000.\0001\0002\000\040\000a\000R\000i\000g\000h\000t\000F\000l\000i\000p\000\050\000\051}{subsection.5.9.3}% 146
\BOOKMARK [3][-]{subsubsection.5.9.3.13}{\376\377\0005\000.\0009\000.\0003\000.\0001\0003\000\040\000a\000R\000o\000t\000a\000t\000e\000\050\000\051}{subsection.5.9.3}% 147
\BOOKMARK [3][-]{subsubsection.5.9.3.14}{\376\377\0005\000.\0009\000.\0003\000.\0001\0004\000\040\000a\000S\000e\000t\000P\000o\000i\000n\000t\000s\000\050\000\051}{subsection.5.9.3}% 148
\BOOKMARK [3][-]{subsubsection.5.9.3.15}{\376\377\0005\000.\0009\000.\0003\000.\0001\0005\000\040\000a\000T\000o\000S\000t\000r\000i\000n\000g\000\050\000\051}{subsection.5.9.3}% 149
\BOOKMARK [3][-]{subsubsection.5.9.3.16}{\376\377\0005\000.\0009\000.\0003\000.\0001\0006\000\040\000i\000D\000r\000a\000w\000\050\000\051\000\040\000[\0001\000/\0002\000]}{subsection.5.9.3}% 150
\BOOKMARK [3][-]{subsubsection.5.9.3.17}{\376\377\0005\000.\0009\000.\0003\000.\0001\0007\000\040\000i\000D\000r\000a\000w\000\050\000\051\000\040\000[\0002\000/\0002\000]}{subsection.5.9.3}% 151
\BOOKMARK [1][-]{section.5.10}{\376\377\0005\000.\0001\0000\000\040\000C\000\137\000S\000a\000v\000e\000\040\000C\000l\000a\000s\000s\000\040\000R\000e\000f\000e\000r\000e\000n\000c\000e}{chapter.5}% 152
\BOOKMARK [2][-]{subsection.5.10.1}{\376\377\0005\000.\0001\0000\000.\0001\000\040\000D\000e\000t\000a\000i\000l\000e\000d\000\040\000D\000e\000s\000c\000r\000i\000p\000t\000i\000o\000n}{section.5.10}% 153
\BOOKMARK [2][-]{subsection.5.10.2}{\376\377\0005\000.\0001\0000\000.\0002\000\040\000C\000o\000n\000s\000t\000r\000u\000c\000t\000o\000r\000\040\000\046\000\040\000D\000e\000s\000t\000r\000u\000c\000t\000o\000r\000\040\000D\000o\000c\000u\000m\000e\000n\000t\000a\000t\000i\000o\000n}{section.5.10}% 154
\BOOKMARK [3][-]{subsubsection.5.10.2.1}{\376\377\0005\000.\0001\0000\000.\0002\000.\0001\000\040\000C\000\137\000S\000a\000v\000e\000\050\000\051}{subsection.5.10.2}% 155
\BOOKMARK [2][-]{subsection.5.10.3}{\376\377\0005\000.\0001\0000\000.\0003\000\040\000M\000e\000m\000b\000e\000r\000\040\000F\000u\000n\000c\000t\000i\000o\000n\000\040\000D\000o\000c\000u\000m\000e\000n\000t\000a\000t\000i\000o\000n}{section.5.10}% 156
\BOOKMARK [3][-]{subsubsection.5.10.3.1}{\376\377\0005\000.\0001\0000\000.\0003\000.\0001\000\040\000S\000a\000v\000e\000\050\000\051}{subsection.5.10.3}% 157
\BOOKMARK [1][-]{section.5.11}{\376\377\0005\000.\0001\0001\000\040\000C\000\137\000S\000q\000u\000a\000r\000e\000\040\000C\000l\000a\000s\000s\000\040\000R\000e\000f\000e\000r\000e\000n\000c\000e}{chapter.5}% 158
\BOOKMARK [2][-]{subsection.5.11.1}{\376\377\0005\000.\0001\0001\000.\0001\000\040\000D\000e\000t\000a\000i\000l\000e\000d\000\040\000D\000e\000s\000c\000r\000i\000p\000t\000i\000o\000n}{section.5.11}% 159
\BOOKMARK [2][-]{subsection.5.11.2}{\376\377\0005\000.\0001\0001\000.\0002\000\040\000C\000o\000n\000s\000t\000r\000u\000c\000t\000o\000r\000\040\000\046\000\040\000D\000e\000s\000t\000r\000u\000c\000t\000o\000r\000\040\000D\000o\000c\000u\000m\000e\000n\000t\000a\000t\000i\000o\000n}{section.5.11}% 160
\BOOKMARK [3][-]{subsubsection.5.11.2.1}{\376\377\0005\000.\0001\0001\000.\0002\000.\0001\000\040\000\040\000C\000\137\000S\000q\000u\000a\000r\000e\000\050\000\051}{subsection.5.11.2}% 161
\BOOKMARK [3][-]{subsubsection.5.11.2.2}{\376\377\0005\000.\0001\0001\000.\0002\000.\0002\000\040\000C\000\137\000S\000q\000u\000a\000r\000e\000\050\000\051\000\040\000[\0001\000/\0003\000]}{subsection.5.11.2}% 162
\BOOKMARK [3][-]{subsubsection.5.11.2.3}{\376\377\0005\000.\0001\0001\000.\0002\000.\0003\000\040\000C\000\137\000S\000q\000u\000a\000r\000e\000\050\000\051\000\040\000[\0002\000/\0003\000]}{subsection.5.11.2}% 163
\BOOKMARK [3][-]{subsubsection.5.11.2.4}{\376\377\0005\000.\0001\0001\000.\0002\000.\0004\000\040\000C\000\137\000S\000q\000u\000a\000r\000e\000\050\000\051\000\040\000[\0003\000/\0003\000]}{subsection.5.11.2}% 164
\BOOKMARK [2][-]{subsection.5.11.3}{\376\377\0005\000.\0001\0001\000.\0003\000\040\000M\000e\000m\000b\000e\000r\000\040\000F\000u\000n\000c\000t\000i\000o\000n\000\040\000D\000o\000c\000u\000m\000e\000n\000t\000a\000t\000i\000o\000n}{section.5.11}% 165
\BOOKMARK [3][-]{subsubsection.5.11.3.1}{\376\377\0005\000.\0001\0001\000.\0003\000.\0001\000\040\000a\000C\000u\000r\000r\000e\000n\000t\000A\000n\000g\000u\000l\000a\000r\000\050\000\051}{subsection.5.11.3}% 166
\BOOKMARK [3][-]{subsubsection.5.11.3.2}{\376\377\0005\000.\0001\0001\000.\0003\000.\0002\000\040\000a\000G\000e\000t\000A\000r\000e\000a\000\050\000\051}{subsection.5.11.3}% 167
\BOOKMARK [3][-]{subsubsection.5.11.3.3}{\376\377\0005\000.\0001\0001\000.\0003\000.\0003\000\040\000a\000G\000e\000t\000C\000o\000l\000o\000r\000\050\000\051}{subsection.5.11.3}% 168
\BOOKMARK [3][-]{subsubsection.5.11.3.4}{\376\377\0005\000.\0001\0001\000.\0003\000.\0004\000\040\000a\000G\000e\000t\000P\000o\000i\000n\000t\000s\000\050\000\051}{subsection.5.11.3}% 169
\BOOKMARK [3][-]{subsubsection.5.11.3.5}{\376\377\0005\000.\0001\0001\000.\0003\000.\0005\000\040\000a\000G\000e\000t\000S\000h\000a\000p\000e\000\050\000\051}{subsection.5.11.3}% 170
\BOOKMARK [3][-]{subsubsection.5.11.3.6}{\376\377\0005\000.\0001\0001\000.\0003\000.\0006\000\040\000a\000G\000e\000t\000S\000t\000a\000t\000u\000s\000R\000e\000v\000e\000r\000s\000e\000\050\000\051}{subsection.5.11.3}% 171
\BOOKMARK [3][-]{subsubsection.5.11.3.7}{\376\377\0005\000.\0001\0001\000.\0003\000.\0007\000\040\000a\000I\000s\000I\000n\000S\000h\000a\000p\000e\000\050\000\051}{subsection.5.11.3}% 172
\BOOKMARK [3][-]{subsubsection.5.11.3.8}{\376\377\0005\000.\0001\0001\000.\0003\000.\0008\000\040\000a\000L\000e\000f\000t\000C\000o\000r\000n\000e\000r\000\050\000\051}{subsection.5.11.3}% 173
\BOOKMARK [3][-]{subsubsection.5.11.3.9}{\376\377\0005\000.\0001\0001\000.\0003\000.\0009\000\040\000a\000L\000e\000f\000t\000F\000l\000i\000p\000\050\000\051}{subsection.5.11.3}% 174
\BOOKMARK [3][-]{subsubsection.5.11.3.10}{\376\377\0005\000.\0001\0001\000.\0003\000.\0001\0000\000\040\000a\000M\000o\000v\000e\000\050\000\051}{subsection.5.11.3}% 175
\BOOKMARK [3][-]{subsubsection.5.11.3.11}{\376\377\0005\000.\0001\0001\000.\0003\000.\0001\0001\000\040\000a\000R\000e\000v\000e\000r\000s\000e\000\050\000\051}{subsection.5.11.3}% 176
\BOOKMARK [3][-]{subsubsection.5.11.3.12}{\376\377\0005\000.\0001\0001\000.\0003\000.\0001\0002\000\040\000a\000R\000i\000g\000h\000t\000F\000l\000i\000p\000\050\000\051}{subsection.5.11.3}% 177
\BOOKMARK [3][-]{subsubsection.5.11.3.13}{\376\377\0005\000.\0001\0001\000.\0003\000.\0001\0003\000\040\000a\000R\000o\000t\000a\000t\000e\000\050\000\051}{subsection.5.11.3}% 178
\BOOKMARK [3][-]{subsubsection.5.11.3.14}{\376\377\0005\000.\0001\0001\000.\0003\000.\0001\0004\000\040\000a\000S\000e\000t\000P\000o\000i\000n\000t\000s\000\050\000\051}{subsection.5.11.3}% 179
\BOOKMARK [3][-]{subsubsection.5.11.3.15}{\376\377\0005\000.\0001\0001\000.\0003\000.\0001\0005\000\040\000a\000T\000o\000S\000t\000r\000i\000n\000g\000\050\000\051}{subsection.5.11.3}% 180
\BOOKMARK [3][-]{subsubsection.5.11.3.16}{\376\377\0005\000.\0001\0001\000.\0003\000.\0001\0006\000\040\000i\000D\000r\000a\000w\000\050\000\051\000\040\000[\0001\000/\0002\000]}{subsection.5.11.3}% 181
\BOOKMARK [3][-]{subsubsection.5.11.3.17}{\376\377\0005\000.\0001\0001\000.\0003\000.\0001\0007\000\040\000i\000D\000r\000a\000w\000\050\000\051\000\040\000[\0002\000/\0002\000]}{subsection.5.11.3}% 182
\BOOKMARK [1][-]{section.5.12}{\376\377\0005\000.\0001\0002\000\040\000C\000\137\000S\000T\000r\000i\000a\000n\000g\000l\000e\000\040\000C\000l\000a\000s\000s\000\040\000R\000e\000f\000e\000r\000e\000n\000c\000e}{chapter.5}% 183
\BOOKMARK [2][-]{subsection.5.12.1}{\376\377\0005\000.\0001\0002\000.\0001\000\040\000D\000e\000t\000a\000i\000l\000e\000d\000\040\000D\000e\000s\000c\000r\000i\000p\000t\000i\000o\000n}{section.5.12}% 184
\BOOKMARK [2][-]{subsection.5.12.2}{\376\377\0005\000.\0001\0002\000.\0002\000\040\000C\000o\000n\000s\000t\000r\000u\000c\000t\000o\000r\000\040\000\046\000\040\000D\000e\000s\000t\000r\000u\000c\000t\000o\000r\000\040\000D\000o\000c\000u\000m\000e\000n\000t\000a\000t\000i\000o\000n}{section.5.12}% 185
\BOOKMARK [3][-]{subsubsection.5.12.2.1}{\376\377\0005\000.\0001\0002\000.\0002\000.\0001\000\040\000\040\000C\000\137\000S\000T\000r\000i\000a\000n\000g\000l\000e\000\050\000\051}{subsection.5.12.2}% 186
\BOOKMARK [3][-]{subsubsection.5.12.2.2}{\376\377\0005\000.\0001\0002\000.\0002\000.\0002\000\040\000C\000\137\000S\000T\000r\000i\000a\000n\000g\000l\000e\000\050\000\051\000\040\000[\0001\000/\0004\000]}{subsection.5.12.2}% 187
\BOOKMARK [3][-]{subsubsection.5.12.2.3}{\376\377\0005\000.\0001\0002\000.\0002\000.\0003\000\040\000C\000\137\000S\000T\000r\000i\000a\000n\000g\000l\000e\000\050\000\051\000\040\000[\0002\000/\0004\000]}{subsection.5.12.2}% 188
\BOOKMARK [3][-]{subsubsection.5.12.2.4}{\376\377\0005\000.\0001\0002\000.\0002\000.\0004\000\040\000C\000\137\000S\000T\000r\000i\000a\000n\000g\000l\000e\000\050\000\051\000\040\000[\0003\000/\0004\000]}{subsection.5.12.2}% 189
\BOOKMARK [3][-]{subsubsection.5.12.2.5}{\376\377\0005\000.\0001\0002\000.\0002\000.\0005\000\040\000C\000\137\000S\000T\000r\000i\000a\000n\000g\000l\000e\000\050\000\051\000\040\000[\0004\000/\0004\000]}{subsection.5.12.2}% 190
\BOOKMARK [2][-]{subsection.5.12.3}{\376\377\0005\000.\0001\0002\000.\0003\000\040\000M\000e\000m\000b\000e\000r\000\040\000F\000u\000n\000c\000t\000i\000o\000n\000\040\000D\000o\000c\000u\000m\000e\000n\000t\000a\000t\000i\000o\000n}{section.5.12}% 191
\BOOKMARK [3][-]{subsubsection.5.12.3.1}{\376\377\0005\000.\0001\0002\000.\0003\000.\0001\000\040\000a\000C\000u\000r\000r\000e\000n\000t\000A\000n\000g\000u\000l\000a\000r\000\050\000\051}{subsection.5.12.3}% 192
\BOOKMARK [3][-]{subsubsection.5.12.3.2}{\376\377\0005\000.\0001\0002\000.\0003\000.\0002\000\040\000a\000G\000e\000t\000A\000r\000e\000a\000\050\000\051}{subsection.5.12.3}% 193
\BOOKMARK [3][-]{subsubsection.5.12.3.3}{\376\377\0005\000.\0001\0002\000.\0003\000.\0003\000\040\000a\000G\000e\000t\000C\000o\000l\000o\000r\000\050\000\051}{subsection.5.12.3}% 194
\BOOKMARK [3][-]{subsubsection.5.12.3.4}{\376\377\0005\000.\0001\0002\000.\0003\000.\0004\000\040\000a\000G\000e\000t\000P\000o\000i\000n\000t\000s\000\050\000\051}{subsection.5.12.3}% 195
\BOOKMARK [3][-]{subsubsection.5.12.3.5}{\376\377\0005\000.\0001\0002\000.\0003\000.\0005\000\040\000a\000G\000e\000t\000S\000h\000a\000p\000e\000\050\000\051}{subsection.5.12.3}% 196
\BOOKMARK [3][-]{subsubsection.5.12.3.6}{\376\377\0005\000.\0001\0002\000.\0003\000.\0006\000\040\000a\000G\000e\000t\000S\000t\000a\000t\000u\000s\000R\000e\000v\000e\000r\000s\000e\000\050\000\051}{subsection.5.12.3}% 197
\BOOKMARK [3][-]{subsubsection.5.12.3.7}{\376\377\0005\000.\0001\0002\000.\0003\000.\0007\000\040\000a\000I\000s\000I\000n\000S\000h\000a\000p\000e\000\050\000\051}{subsection.5.12.3}% 198
\BOOKMARK [3][-]{subsubsection.5.12.3.8}{\376\377\0005\000.\0001\0002\000.\0003\000.\0008\000\040\000a\000L\000e\000f\000t\000C\000o\000r\000n\000e\000r\000\050\000\051}{subsection.5.12.3}% 199
\BOOKMARK [3][-]{subsubsection.5.12.3.9}{\376\377\0005\000.\0001\0002\000.\0003\000.\0009\000\040\000a\000L\000e\000f\000t\000F\000l\000i\000p\000\050\000\051}{subsection.5.12.3}% 200
\BOOKMARK [3][-]{subsubsection.5.12.3.10}{\376\377\0005\000.\0001\0002\000.\0003\000.\0001\0000\000\040\000a\000M\000o\000v\000e\000\050\000\051}{subsection.5.12.3}% 201
\BOOKMARK [3][-]{subsubsection.5.12.3.11}{\376\377\0005\000.\0001\0002\000.\0003\000.\0001\0001\000\040\000a\000R\000e\000v\000e\000r\000s\000e\000\050\000\051}{subsection.5.12.3}% 202
\BOOKMARK [3][-]{subsubsection.5.12.3.12}{\376\377\0005\000.\0001\0002\000.\0003\000.\0001\0002\000\040\000a\000R\000i\000g\000h\000t\000F\000l\000i\000p\000\050\000\051}{subsection.5.12.3}% 203
\BOOKMARK [3][-]{subsubsection.5.12.3.13}{\376\377\0005\000.\0001\0002\000.\0003\000.\0001\0003\000\040\000a\000R\000o\000t\000a\000t\000e\000\050\000\051}{subsection.5.12.3}% 204
\BOOKMARK [3][-]{subsubsection.5.12.3.14}{\376\377\0005\000.\0001\0002\000.\0003\000.\0001\0004\000\040\000a\000S\000e\000t\000P\000o\000i\000n\000t\000s\000\050\000\051}{subsection.5.12.3}% 205
\BOOKMARK [3][-]{subsubsection.5.12.3.15}{\376\377\0005\000.\0001\0002\000.\0003\000.\0001\0005\000\040\000a\000T\000o\000S\000t\000r\000i\000n\000g\000\050\000\051}{subsection.5.12.3}% 206
\BOOKMARK [3][-]{subsubsection.5.12.3.16}{\376\377\0005\000.\0001\0002\000.\0003\000.\0001\0006\000\040\000C\000e\000n\000t\000e\000r\000P\000o\000i\000n\000t\000\050\000\051}{subsection.5.12.3}% 207
\BOOKMARK [3][-]{subsubsection.5.12.3.17}{\376\377\0005\000.\0001\0002\000.\0003\000.\0001\0007\000\040\000G\000e\000t\000C\000e\000n\000t\000e\000r\000P\000o\000i\000n\000t\000\050\000\051}{subsection.5.12.3}% 208
\BOOKMARK [3][-]{subsubsection.5.12.3.18}{\376\377\0005\000.\0001\0002\000.\0003\000.\0001\0008\000\040\000G\000e\000t\000F\000l\000i\000p\000\050\000\051}{subsection.5.12.3}% 209
\BOOKMARK [3][-]{subsubsection.5.12.3.19}{\376\377\0005\000.\0001\0002\000.\0003\000.\0001\0009\000\040\000i\000D\000r\000a\000w\000\050\000\051\000\040\000[\0001\000/\0002\000]}{subsection.5.12.3}% 210
\BOOKMARK [3][-]{subsubsection.5.12.3.20}{\376\377\0005\000.\0001\0002\000.\0003\000.\0002\0000\000\040\000i\000D\000r\000a\000w\000\050\000\051\000\040\000[\0002\000/\0002\000]}{subsection.5.12.3}% 211
\BOOKMARK [3][-]{subsubsection.5.12.3.21}{\376\377\0005\000.\0001\0002\000.\0003\000.\0002\0001\000\040\000I\000s\000I\000n\000S\000T\000r\000i\000a\000n\000g\000l\000e\000\050\000\051}{subsection.5.12.3}% 212
\BOOKMARK [3][-]{subsubsection.5.12.3.22}{\376\377\0005\000.\0001\0002\000.\0003\000.\0002\0002\000\040\000L\000e\000f\000t\000F\000l\000i\000p\000\050\000\051}{subsection.5.12.3}% 213
\BOOKMARK [3][-]{subsubsection.5.12.3.23}{\376\377\0005\000.\0001\0002\000.\0003\000.\0002\0003\000\040\000R\000e\000v\000e\000r\000s\000e\000\050\000\051}{subsection.5.12.3}% 214
\BOOKMARK [3][-]{subsubsection.5.12.3.24}{\376\377\0005\000.\0001\0002\000.\0003\000.\0002\0004\000\040\000R\000i\000g\000h\000t\000F\000l\000i\000p\000\050\000\051}{subsection.5.12.3}% 215
\BOOKMARK [3][-]{subsubsection.5.12.3.25}{\376\377\0005\000.\0001\0002\000.\0003\000.\0002\0005\000\040\000R\000o\000t\000a\000t\000e\000\050\000\051}{subsection.5.12.3}% 216
\BOOKMARK [1][-]{section.5.13}{\376\377\0005\000.\0001\0003\000\040\000T\000\137\000P\000o\000i\000n\000t\000<\000\040\000T\000\040\000>\000:\000:\000h\000a\000s\000h\000\137\000p\000o\000i\000n\000t\000\040\000S\000t\000r\000u\000c\000t\000\040\000R\000e\000f\000e\000r\000e\000n\000c\000e}{chapter.5}% 217
\BOOKMARK [2][-]{subsection.5.13.1}{\376\377\0005\000.\0001\0003\000.\0001\000\040\000M\000e\000m\000b\000e\000r\000\040\000F\000u\000n\000c\000t\000i\000o\000n\000\040\000D\000o\000c\000u\000m\000e\000n\000t\000a\000t\000i\000o\000n}{section.5.13}% 218
\BOOKMARK [3][-]{subsubsection.5.13.1.1}{\376\377\0005\000.\0001\0003\000.\0001\000.\0001\000\040\000o\000p\000e\000r\000a\000t\000o\000r\000\050\000\051\000\050\000\051\000\040\000[\0001\000/\0002\000]}{subsection.5.13.1}% 219
\BOOKMARK [3][-]{subsubsection.5.13.1.2}{\376\377\0005\000.\0001\0003\000.\0001\000.\0002\000\040\000o\000p\000e\000r\000a\000t\000o\000r\000\050\000\051\000\050\000\051\000\040\000[\0002\000/\0002\000]}{subsection.5.13.1}% 220
\BOOKMARK [1][-]{section.5.14}{\376\377\0005\000.\0001\0004\000\040\000I\000\137\000D\000r\000a\000w\000a\000b\000l\000e\000\040\000C\000l\000a\000s\000s\000\040\000R\000e\000f\000e\000r\000e\000n\000c\000e}{chapter.5}% 221
\BOOKMARK [2][-]{subsection.5.14.1}{\376\377\0005\000.\0001\0004\000.\0001\000\040\000D\000e\000t\000a\000i\000l\000e\000d\000\040\000D\000e\000s\000c\000r\000i\000p\000t\000i\000o\000n}{section.5.14}% 222
\BOOKMARK [2][-]{subsection.5.14.2}{\376\377\0005\000.\0001\0004\000.\0002\000\040\000C\000o\000n\000s\000t\000r\000u\000c\000t\000o\000r\000\040\000\046\000\040\000D\000e\000s\000t\000r\000u\000c\000t\000o\000r\000\040\000D\000o\000c\000u\000m\000e\000n\000t\000a\000t\000i\000o\000n}{section.5.14}% 223
\BOOKMARK [3][-]{subsubsection.5.14.2.1}{\376\377\0005\000.\0001\0004\000.\0002\000.\0001\000\040\000\040\000I\000\137\000D\000r\000a\000w\000a\000b\000l\000e\000\050\000\051}{subsection.5.14.2}% 224
\BOOKMARK [2][-]{subsection.5.14.3}{\376\377\0005\000.\0001\0004\000.\0003\000\040\000M\000e\000m\000b\000e\000r\000\040\000F\000u\000n\000c\000t\000i\000o\000n\000\040\000D\000o\000c\000u\000m\000e\000n\000t\000a\000t\000i\000o\000n}{section.5.14}% 225
\BOOKMARK [3][-]{subsubsection.5.14.3.1}{\376\377\0005\000.\0001\0004\000.\0003\000.\0001\000\040\000i\000D\000r\000a\000w\000\050\000\051\000\040\000[\0001\000/\0002\000]}{subsection.5.14.3}% 226
\BOOKMARK [3][-]{subsubsection.5.14.3.2}{\376\377\0005\000.\0001\0004\000.\0003\000.\0002\000\040\000i\000D\000r\000a\000w\000\050\000\051\000\040\000[\0002\000/\0002\000]}{subsection.5.14.3}% 227
\BOOKMARK [1][-]{section.5.15}{\376\377\0005\000.\0001\0005\000\040\000S\000t\000r\000u\000c\000t\000\040\000S\000t\000r\000u\000c\000t\000\040\000R\000e\000f\000e\000r\000e\000n\000c\000e}{chapter.5}% 228
\BOOKMARK [2][-]{subsection.5.15.1}{\376\377\0005\000.\0001\0005\000.\0001\000\040\000D\000e\000t\000a\000i\000l\000e\000d\000\040\000D\000e\000s\000c\000r\000i\000p\000t\000i\000o\000n}{section.5.15}% 229
\BOOKMARK [1][-]{section.5.16}{\376\377\0005\000.\0001\0006\000\040\000T\000\137\000P\000o\000i\000n\000t\000<\000\040\000T\000\040\000>\000\040\000C\000l\000a\000s\000s\000\040\000T\000e\000m\000p\000l\000a\000t\000e\000\040\000R\000e\000f\000e\000r\000e\000n\000c\000e}{chapter.5}% 230
\BOOKMARK [2][-]{subsection.5.16.1}{\376\377\0005\000.\0001\0006\000.\0001\000\040\000D\000e\000t\000a\000i\000l\000e\000d\000\040\000D\000e\000s\000c\000r\000i\000p\000t\000i\000o\000n}{section.5.16}% 231
\BOOKMARK [2][-]{subsection.5.16.2}{\376\377\0005\000.\0001\0006\000.\0002\000\040\000C\000o\000n\000s\000t\000r\000u\000c\000t\000o\000r\000\040\000\046\000\040\000D\000e\000s\000t\000r\000u\000c\000t\000o\000r\000\040\000D\000o\000c\000u\000m\000e\000n\000t\000a\000t\000i\000o\000n}{section.5.16}% 232
\BOOKMARK [3][-]{subsubsection.5.16.2.1}{\376\377\0005\000.\0001\0006\000.\0002\000.\0001\000\040\000T\000\137\000P\000o\000i\000n\000t\000\050\000\051\000\040\000[\0001\000/\0004\000]}{subsection.5.16.2}% 233
\BOOKMARK [3][-]{subsubsection.5.16.2.2}{\376\377\0005\000.\0001\0006\000.\0002\000.\0002\000\040\000T\000\137\000P\000o\000i\000n\000t\000\050\000\051\000\040\000[\0002\000/\0004\000]}{subsection.5.16.2}% 234
\BOOKMARK [3][-]{subsubsection.5.16.2.3}{\376\377\0005\000.\0001\0006\000.\0002\000.\0003\000\040\000T\000\137\000P\000o\000i\000n\000t\000\050\000\051\000\040\000[\0003\000/\0004\000]}{subsection.5.16.2}% 235
\BOOKMARK [3][-]{subsubsection.5.16.2.4}{\376\377\0005\000.\0001\0006\000.\0002\000.\0004\000\040\000T\000\137\000P\000o\000i\000n\000t\000\050\000\051\000\040\000[\0004\000/\0004\000]}{subsection.5.16.2}% 236
\BOOKMARK [3][-]{subsubsection.5.16.2.5}{\376\377\0005\000.\0001\0006\000.\0002\000.\0005\000\040\000\040\000T\000\137\000P\000o\000i\000n\000t\000\050\000\051}{subsection.5.16.2}% 237
\BOOKMARK [2][-]{subsection.5.16.3}{\376\377\0005\000.\0001\0006\000.\0003\000\040\000M\000e\000m\000b\000e\000r\000\040\000F\000u\000n\000c\000t\000i\000o\000n\000\040\000D\000o\000c\000u\000m\000e\000n\000t\000a\000t\000i\000o\000n}{section.5.16}% 238
\BOOKMARK [3][-]{subsubsection.5.16.3.1}{\376\377\0005\000.\0001\0006\000.\0003\000.\0001\000\040\000o\000p\000e\000r\000a\000t\000o\000r\000!\000=\000\050\000\051}{subsection.5.16.3}% 239
\BOOKMARK [3][-]{subsubsection.5.16.3.2}{\376\377\0005\000.\0001\0006\000.\0003\000.\0002\000\040\000o\000p\000e\000r\000a\000t\000o\000r\000+\000\050\000\051}{subsection.5.16.3}% 240
\BOOKMARK [3][-]{subsubsection.5.16.3.3}{\376\377\0005\000.\0001\0006\000.\0003\000.\0003\000\040\000o\000p\000e\000r\000a\000t\000o\000r\000+\000=\000\050\000\051}{subsection.5.16.3}% 241
\BOOKMARK [3][-]{subsubsection.5.16.3.4}{\376\377\0005\000.\0001\0006\000.\0003\000.\0004\000\040\000o\000p\000e\000r\000a\000t\000o\000r\000-\000\050\000\051}{subsection.5.16.3}% 242
\BOOKMARK [3][-]{subsubsection.5.16.3.5}{\376\377\0005\000.\0001\0006\000.\0003\000.\0005\000\040\000o\000p\000e\000r\000a\000t\000o\000r\000-\000=\000\050\000\051}{subsection.5.16.3}% 243
\BOOKMARK [3][-]{subsubsection.5.16.3.6}{\376\377\0005\000.\0001\0006\000.\0003\000.\0006\000\040\000o\000p\000e\000r\000a\000t\000o\000r\000<\000\050\000\051}{subsection.5.16.3}% 244
\BOOKMARK [3][-]{subsubsection.5.16.3.7}{\376\377\0005\000.\0001\0006\000.\0003\000.\0007\000\040\000o\000p\000e\000r\000a\000t\000o\000r\000=\000\050\000\051}{subsection.5.16.3}% 245
\BOOKMARK [3][-]{subsubsection.5.16.3.8}{\376\377\0005\000.\0001\0006\000.\0003\000.\0008\000\040\000o\000p\000e\000r\000a\000t\000o\000r\000=\000=\000\050\000\051}{subsection.5.16.3}% 246
\BOOKMARK [3][-]{subsubsection.5.16.3.9}{\376\377\0005\000.\0001\0006\000.\0003\000.\0009\000\040\000o\000p\000e\000r\000a\000t\000o\000r\000>\000\050\000\051}{subsection.5.16.3}% 247
\BOOKMARK [2][-]{subsection.5.16.4}{\376\377\0005\000.\0001\0006\000.\0004\000\040\000M\000e\000m\000b\000e\000r\000\040\000D\000a\000t\000a\000\040\000D\000o\000c\000u\000m\000e\000n\000t\000a\000t\000i\000o\000n}{section.5.16}% 248
\BOOKMARK [3][-]{subsubsection.5.16.4.1}{\376\377\0005\000.\0001\0006\000.\0004\000.\0001\000\040\000x}{subsection.5.16.4}% 249
\BOOKMARK [3][-]{subsubsection.5.16.4.2}{\376\377\0005\000.\0001\0006\000.\0004\000.\0002\000\040\000y}{subsection.5.16.4}% 250
\BOOKMARK [0][-]{chapter.6}{\376\377\0006\000\040\000F\000i\000l\000e\000\040\000D\000o\000c\000u\000m\000e\000n\000t\000a\000t\000i\000o\000n}{}% 251
\BOOKMARK [1][-]{section.6.1}{\376\377\0006\000.\0001\000\040\000i\000n\000c\000l\000u\000d\000e\000/\000d\000r\000a\000w\000a\000b\000l\000e\000/\000A\000\137\000S\000h\000a\000p\000e\000.\000h\000p\000p\000\040\000F\000i\000l\000e\000\040\000R\000e\000f\000e\000r\000e\000n\000c\000e}{chapter.6}% 252
\BOOKMARK [2][-]{subsection.6.1.1}{\376\377\0006\000.\0001\000.\0001\000\040\000D\000e\000t\000a\000i\000l\000e\000d\000\040\000D\000e\000s\000c\000r\000i\000p\000t\000i\000o\000n}{section.6.1}% 253
\BOOKMARK [1][-]{section.6.2}{\376\377\0006\000.\0002\000\040\000i\000n\000c\000l\000u\000d\000e\000/\000d\000r\000a\000w\000a\000b\000l\000e\000/\000C\000\137\000B\000u\000t\000t\000o\000n\000.\000h\000p\000p\000\040\000F\000i\000l\000e\000\040\000R\000e\000f\000e\000r\000e\000n\000c\000e}{chapter.6}% 254
\BOOKMARK [2][-]{subsection.6.2.1}{\376\377\0006\000.\0002\000.\0001\000\040\000D\000e\000t\000a\000i\000l\000e\000d\000\040\000D\000e\000s\000c\000r\000i\000p\000t\000i\000o\000n}{section.6.2}% 255
\BOOKMARK [1][-]{section.6.3}{\376\377\0006\000.\0003\000\040\000i\000n\000c\000l\000u\000d\000e\000/\000d\000r\000a\000w\000a\000b\000l\000e\000/\000C\000\137\000M\000e\000n\000u\000.\000h\000p\000p\000\040\000F\000i\000l\000e\000\040\000R\000e\000f\000e\000r\000e\000n\000c\000e}{chapter.6}% 256
\BOOKMARK [2][-]{subsection.6.3.1}{\376\377\0006\000.\0003\000.\0001\000\040\000D\000e\000t\000a\000i\000l\000e\000d\000\040\000D\000e\000s\000c\000r\000i\000p\000t\000i\000o\000n}{section.6.3}% 257
\BOOKMARK [1][-]{section.6.4}{\376\377\0006\000.\0004\000\040\000i\000n\000c\000l\000u\000d\000e\000/\000d\000r\000a\000w\000a\000b\000l\000e\000/\000I\000\137\000D\000r\000a\000w\000a\000b\000l\000e\000.\000h\000\040\000F\000i\000l\000e\000\040\000R\000e\000f\000e\000r\000e\000n\000c\000e}{chapter.6}% 258
\BOOKMARK [1][-]{section.6.5}{\376\377\0006\000.\0005\000\040\000i\000n\000c\000l\000u\000d\000e\000/\000g\000a\000m\000e\000/\000C\000\137\000G\000a\000m\000e\000.\000h\000p\000p\000\040\000F\000i\000l\000e\000\040\000R\000e\000f\000e\000r\000e\000n\000c\000e}{chapter.6}% 259
\BOOKMARK [2][-]{subsection.6.5.1}{\376\377\0006\000.\0005\000.\0001\000\040\000D\000e\000t\000a\000i\000l\000e\000d\000\040\000D\000e\000s\000c\000r\000i\000p\000t\000i\000o\000n}{section.6.5}% 260
\BOOKMARK [1][-]{section.6.6}{\376\377\0006\000.\0006\000\040\000i\000n\000c\000l\000u\000d\000e\000/\000g\000a\000m\000e\000/\000C\000\137\000O\000b\000j\000e\000c\000t\000i\000v\000e\000.\000h\000p\000p\000\040\000F\000i\000l\000e\000\040\000R\000e\000f\000e\000r\000e\000n\000c\000e}{chapter.6}% 261
\BOOKMARK [2][-]{subsection.6.6.1}{\376\377\0006\000.\0006\000.\0001\000\040\000D\000e\000t\000a\000i\000l\000e\000d\000\040\000D\000e\000s\000c\000r\000i\000p\000t\000i\000o\000n}{section.6.6}% 262
\BOOKMARK [1][-]{section.6.7}{\376\377\0006\000.\0007\000\040\000i\000n\000c\000l\000u\000d\000e\000/\000p\000a\000r\000s\000e\000r\000/\000C\000\137\000L\000o\000a\000d\000e\000r\000.\000h\000p\000p\000\040\000F\000i\000l\000e\000\040\000R\000e\000f\000e\000r\000e\000n\000c\000e}{chapter.6}% 263
\BOOKMARK [2][-]{subsection.6.7.1}{\376\377\0006\000.\0007\000.\0001\000\040\000D\000e\000t\000a\000i\000l\000e\000d\000\040\000D\000e\000s\000c\000r\000i\000p\000t\000i\000o\000n}{section.6.7}% 264
\BOOKMARK [1][-]{section.6.8}{\376\377\0006\000.\0008\000\040\000i\000n\000c\000l\000u\000d\000e\000/\000p\000a\000r\000s\000e\000r\000/\000C\000\137\000S\000a\000v\000e\000.\000h\000p\000p\000\040\000F\000i\000l\000e\000\040\000R\000e\000f\000e\000r\000e\000n\000c\000e}{chapter.6}% 265
\BOOKMARK [2][-]{subsection.6.8.1}{\376\377\0006\000.\0008\000.\0001\000\040\000D\000e\000t\000a\000i\000l\000e\000d\000\040\000D\000e\000s\000c\000r\000i\000p\000t\000i\000o\000n}{section.6.8}% 266
\BOOKMARK [1][-]{section.6.9}{\376\377\0006\000.\0009\000\040\000i\000n\000c\000l\000u\000d\000e\000/\000s\000h\000a\000p\000e\000/\000C\000\137\000G\000T\000r\000i\000a\000n\000g\000l\000e\000.\000h\000p\000p\000\040\000F\000i\000l\000e\000\040\000R\000e\000f\000e\000r\000e\000n\000c\000e}{chapter.6}% 267
\BOOKMARK [2][-]{subsection.6.9.1}{\376\377\0006\000.\0009\000.\0001\000\040\000D\000e\000t\000a\000i\000l\000e\000d\000\040\000D\000e\000s\000c\000r\000i\000p\000t\000i\000o\000n}{section.6.9}% 268
\BOOKMARK [1][-]{section.6.10}{\376\377\0006\000.\0001\0000\000\040\000i\000n\000c\000l\000u\000d\000e\000/\000s\000h\000a\000p\000e\000/\000C\000\137\000M\000T\000r\000i\000a\000n\000g\000l\000e\000.\000h\000p\000p\000\040\000F\000i\000l\000e\000\040\000R\000e\000f\000e\000r\000e\000n\000c\000e}{chapter.6}% 269
\BOOKMARK [2][-]{subsection.6.10.1}{\376\377\0006\000.\0001\0000\000.\0001\000\040\000D\000e\000t\000a\000i\000l\000e\000d\000\040\000D\000e\000s\000c\000r\000i\000p\000t\000i\000o\000n}{section.6.10}% 270
\BOOKMARK [1][-]{section.6.11}{\376\377\0006\000.\0001\0001\000\040\000i\000n\000c\000l\000u\000d\000e\000/\000s\000h\000a\000p\000e\000/\000C\000\137\000P\000a\000r\000a\000l\000l\000e\000l\000o\000g\000r\000a\000m\000.\000h\000p\000p\000\040\000F\000i\000l\000e\000\040\000R\000e\000f\000e\000r\000e\000n\000c\000e}{chapter.6}% 271
\BOOKMARK [2][-]{subsection.6.11.1}{\376\377\0006\000.\0001\0001\000.\0001\000\040\000D\000e\000t\000a\000i\000l\000e\000d\000\040\000D\000e\000s\000c\000r\000i\000p\000t\000i\000o\000n}{section.6.11}% 272
\BOOKMARK [1][-]{section.6.12}{\376\377\0006\000.\0001\0002\000\040\000i\000n\000c\000l\000u\000d\000e\000/\000s\000h\000a\000p\000e\000/\000C\000\137\000S\000q\000u\000a\000r\000e\000.\000h\000p\000p\000\040\000F\000i\000l\000e\000\040\000R\000e\000f\000e\000r\000e\000n\000c\000e}{chapter.6}% 273
\BOOKMARK [2][-]{subsection.6.12.1}{\376\377\0006\000.\0001\0002\000.\0001\000\040\000D\000e\000t\000a\000i\000l\000e\000d\000\040\000D\000e\000s\000c\000r\000i\000p\000t\000i\000o\000n}{section.6.12}% 274
\BOOKMARK [1][-]{section.6.13}{\376\377\0006\000.\0001\0003\000\040\000i\000n\000c\000l\000u\000d\000e\000/\000s\000h\000a\000p\000e\000/\000C\000\137\000S\000T\000r\000i\000a\000n\000g\000l\000e\000.\000h\000p\000p\000\040\000F\000i\000l\000e\000\040\000R\000e\000f\000e\000r\000e\000n\000c\000e}{chapter.6}% 275
\BOOKMARK [2][-]{subsection.6.13.1}{\376\377\0006\000.\0001\0003\000.\0001\000\040\000D\000e\000t\000a\000i\000l\000e\000d\000\040\000D\000e\000s\000c\000r\000i\000p\000t\000i\000o\000n}{section.6.13}% 276
\BOOKMARK [1][-]{section.6.14}{\376\377\0006\000.\0001\0004\000\040\000i\000n\000c\000l\000u\000d\000e\000/\000u\000t\000i\000l\000s\000/\000T\000\137\000P\000o\000i\000n\000t\000.\000h\000p\000p\000\040\000F\000i\000l\000e\000\040\000R\000e\000f\000e\000r\000e\000n\000c\000e}{chapter.6}% 277
\BOOKMARK [2][-]{subsection.6.14.1}{\376\377\0006\000.\0001\0004\000.\0001\000\040\000D\000e\000t\000a\000i\000l\000e\000d\000\040\000D\000e\000s\000c\000r\000i\000p\000t\000i\000o\000n}{section.6.14}% 278
\BOOKMARK [1][-]{section.6.15}{\376\377\0006\000.\0001\0005\000\040\000R\000E\000A\000D\000M\000E\000.\000m\000d\000\040\000F\000i\000l\000e\000\040\000R\000e\000f\000e\000r\000e\000n\000c\000e}{chapter.6}% 279
\BOOKMARK [1][-]{section.6.16}{\376\377\0006\000.\0001\0006\000\040\000s\000r\000c\000/\000d\000r\000a\000w\000a\000b\000l\000e\000/\000A\000\137\000S\000h\000a\000p\000e\000.\000c\000p\000p\000\040\000F\000i\000l\000e\000\040\000R\000e\000f\000e\000r\000e\000n\000c\000e}{chapter.6}% 280
\BOOKMARK [1][-]{section.6.17}{\376\377\0006\000.\0001\0007\000\040\000s\000r\000c\000/\000d\000r\000a\000w\000a\000b\000l\000e\000/\000C\000\137\000B\000u\000t\000t\000o\000n\000.\000c\000p\000p\000\040\000F\000i\000l\000e\000\040\000R\000e\000f\000e\000r\000e\000n\000c\000e}{chapter.6}% 281
\BOOKMARK [1][-]{section.6.18}{\376\377\0006\000.\0001\0008\000\040\000s\000r\000c\000/\000d\000r\000a\000w\000a\000b\000l\000e\000/\000C\000\137\000M\000e\000n\000u\000.\000c\000p\000p\000\040\000F\000i\000l\000e\000\040\000R\000e\000f\000e\000r\000e\000n\000c\000e}{chapter.6}% 282
\BOOKMARK [1][-]{section.6.19}{\376\377\0006\000.\0001\0009\000\040\000s\000r\000c\000/\000d\000r\000a\000w\000a\000b\000l\000e\000/\000I\000\137\000D\000r\000a\000w\000a\000b\000l\000e\000.\000c\000p\000p\000\040\000F\000i\000l\000e\000\040\000R\000e\000f\000e\000r\000e\000n\000c\000e}{chapter.6}% 283
\BOOKMARK [1][-]{section.6.20}{\376\377\0006\000.\0002\0000\000\040\000s\000r\000c\000/\000g\000a\000m\000e\000/\000C\000\137\000G\000a\000m\000e\000.\000c\000p\000p\000\040\000F\000i\000l\000e\000\040\000R\000e\000f\000e\000r\000e\000n\000c\000e}{chapter.6}% 284
\BOOKMARK [1][-]{section.6.21}{\376\377\0006\000.\0002\0001\000\040\000s\000r\000c\000/\000g\000a\000m\000e\000/\000C\000\137\000O\000b\000j\000e\000c\000t\000i\000v\000e\000.\000c\000p\000p\000\040\000F\000i\000l\000e\000\040\000R\000e\000f\000e\000r\000e\000n\000c\000e}{chapter.6}% 285
\BOOKMARK [1][-]{section.6.22}{\376\377\0006\000.\0002\0002\000\040\000s\000r\000c\000/\000M\000a\000i\000n\000.\000c\000p\000p\000\040\000F\000i\000l\000e\000\040\000R\000e\000f\000e\000r\000e\000n\000c\000e}{chapter.6}% 286
\BOOKMARK [2][-]{subsection.6.22.1}{\376\377\0006\000.\0002\0002\000.\0001\000\040\000F\000u\000n\000c\000t\000i\000o\000n\000\040\000D\000o\000c\000u\000m\000e\000n\000t\000a\000t\000i\000o\000n}{section.6.22}% 287
\BOOKMARK [3][-]{subsubsection.6.22.1.1}{\376\377\0006\000.\0002\0002\000.\0001\000.\0001\000\040\000m\000a\000i\000n\000\050\000\051}{subsection.6.22.1}% 288
\BOOKMARK [2][-]{subsection.6.22.2}{\376\377\0006\000.\0002\0002\000.\0002\000\040\000V\000a\000r\000i\000a\000b\000l\000e\000\040\000D\000o\000c\000u\000m\000e\000n\000t\000a\000t\000i\000o\000n}{section.6.22}% 289
\BOOKMARK [3][-]{subsubsection.6.22.2.1}{\376\377\0006\000.\0002\0002\000.\0002\000.\0001\000\040\000p\000a\000g\000e}{subsection.6.22.2}% 290
\BOOKMARK [1][-]{section.6.23}{\376\377\0006\000.\0002\0003\000\040\000s\000r\000c\000/\000p\000a\000r\000s\000e\000r\000/\000C\000\137\000L\000o\000a\000d\000e\000r\000.\000c\000p\000p\000\040\000F\000i\000l\000e\000\040\000R\000e\000f\000e\000r\000e\000n\000c\000e}{chapter.6}% 291
\BOOKMARK [1][-]{section.6.24}{\376\377\0006\000.\0002\0004\000\040\000s\000r\000c\000/\000p\000a\000r\000s\000e\000r\000/\000C\000\137\000S\000a\000v\000e\000.\000c\000p\000p\000\040\000F\000i\000l\000e\000\040\000R\000e\000f\000e\000r\000e\000n\000c\000e}{chapter.6}% 292
\BOOKMARK [1][-]{section.6.25}{\376\377\0006\000.\0002\0005\000\040\000s\000r\000c\000/\000s\000h\000a\000p\000e\000/\000C\000\137\000G\000T\000r\000i\000a\000n\000g\000l\000e\000.\000c\000p\000p\000\040\000F\000i\000l\000e\000\040\000R\000e\000f\000e\000r\000e\000n\000c\000e}{chapter.6}% 293
\BOOKMARK [1][-]{section.6.26}{\376\377\0006\000.\0002\0006\000\040\000s\000r\000c\000/\000s\000h\000a\000p\000e\000/\000C\000\137\000M\000T\000r\000i\000a\000n\000g\000l\000e\000.\000c\000p\000p\000\040\000F\000i\000l\000e\000\040\000R\000e\000f\000e\000r\000e\000n\000c\000e}{chapter.6}% 294
\BOOKMARK [1][-]{section.6.27}{\376\377\0006\000.\0002\0007\000\040\000s\000r\000c\000/\000s\000h\000a\000p\000e\000/\000C\000\137\000P\000a\000r\000a\000l\000l\000e\000l\000o\000g\000r\000a\000m\000.\000c\000p\000p\000\040\000F\000i\000l\000e\000\040\000R\000e\000f\000e\000r\000e\000n\000c\000e}{chapter.6}% 295
\BOOKMARK [1][-]{section.6.28}{\376\377\0006\000.\0002\0008\000\040\000s\000r\000c\000/\000s\000h\000a\000p\000e\000/\000C\000\137\000S\000q\000u\000a\000r\000e\000.\000c\000p\000p\000\040\000F\000i\000l\000e\000\040\000R\000e\000f\000e\000r\000e\000n\000c\000e}{chapter.6}% 296
\BOOKMARK [1][-]{section.6.29}{\376\377\0006\000.\0002\0009\000\040\000s\000r\000c\000/\000s\000h\000a\000p\000e\000/\000C\000\137\000S\000T\000r\000i\000a\000n\000g\000l\000e\000.\000c\000p\000p\000\040\000F\000i\000l\000e\000\040\000R\000e\000f\000e\000r\000e\000n\000c\000e}{chapter.6}% 297
\BOOKMARK [1][-]{section.6.30}{\376\377\0006\000.\0003\0000\000\040\000s\000r\000c\000/\000u\000t\000i\000l\000s\000/\000T\000\137\000P\000o\000i\000n\000t\000.\000c\000p\000p\000\040\000F\000i\000l\000e\000\040\000R\000e\000f\000e\000r\000e\000n\000c\000e}{chapter.6}% 298
\BOOKMARK [0][-]{section*.123}{\376\377\000I\000n\000d\000e\000x}{}% 299
